c:\users\nick\documents\school\spring 2021\cs 4800\mealplanner\debug\mealplanner.pch
c:\users\nick\documents\school\spring 2021\cs 4800\mealplanner\debug\vc142.pdb
c:\users\nick\documents\school\spring 2021\cs 4800\mealplanner\debug\vc142.idb
c:\users\nick\documents\school\spring 2021\cs 4800\mealplanner\debug\pch.obj
c:\users\nick\documents\school\spring 2021\cs 4800\mealplanner\debug\mealplannerdlg.obj
c:\users\nick\documents\school\spring 2021\cs 4800\mealplanner\debug\calendar.obj
c:\users\nick\documents\school\spring 2021\cs 4800\mealplanner\debug\mealplanner.exe
c:\users\nick\documents\school\spring 2021\cs 4800\mealplanner\debug\mealplanner.ilk
c:\users\nick\documents\school\spring 2021\cs 4800\mealplanner\debug\mealplanner.pdb
c:\users\nick\documents\school\spring 2021\cs 4800\mealplanner\debug\mealplanner.res
c:\users\nick\documents\school\spring 2021\cs 4800\mealplanner\debug\mealplanner.obj
c:\users\nick\documents\school\spring 2021\cs 4800\mealplanner\debug\mealplanner.tlog\cl.command.1.tlog
c:\users\nick\documents\school\spring 2021\cs 4800\mealplanner\debug\mealplanner.tlog\cl.read.1.tlog
c:\users\nick\documents\school\spring 2021\cs 4800\mealplanner\debug\mealplanner.tlog\cl.write.1.tlog
c:\users\nick\documents\school\spring 2021\cs 4800\mealplanner\debug\mealplanner.tlog\link.command.1.tlog
c:\users\nick\documents\school\spring 2021\cs 4800\mealplanner\debug\mealplanner.tlog\link.read.1.tlog
c:\users\nick\documents\school\spring 2021\cs 4800\mealplanner\debug\mealplanner.tlog\link.write.1.tlog
c:\users\nick\documents\school\spring 2021\cs 4800\mealplanner\debug\mealplanner.tlog\rc.command.1.tlog
c:\users\nick\documents\school\spring 2021\cs 4800\mealplanner\debug\mealplanner.tlog\rc.read.1.tlog
c:\users\nick\documents\school\spring 2021\cs 4800\mealplanner\debug\mealplanner.tlog\rc.write.1.tlog
